<?xml version="1.0" encoding="UTF-8"?>
<!-- Generated by org.testng.reporters.JUnitReportReporter -->
<testsuite hostname="LAPTOP-2DHTLVVT" failures="0" tests="1" name="testing.Testcase1" time="0.010" errors="0" timestamp="2024-03-09T22:58:50 IST" skipped="0">
  <testcase classname="testing.Testcase1" name="test" time="0.010"/>
</testsuite> <!-- testing.Testcase1 -->
