<?xml version="1.0" encoding="UTF-8"?>
<!-- Generated by org.testng.reporters.JUnitReportReporter -->
<testsuite hostname="LAPTOP-2DHTLVVT" failures="0" tests="1" name="testing.Testcase2" time="0.004" errors="0" timestamp="2024-03-09T22:58:50 IST" skipped="0">
  <testcase classname="testing.Testcase2" name="test2" time="0.004"/>
</testsuite> <!-- testing.Testcase2 -->
